
171013  8:28:37 [Warning] Using unique option prefix myisam-recover instead of myisam-recover-options is deprecated and will be removed in a future release. Please use the full name instead.
171013  8:28:37 [Note] Plugin 'FEDERATED' is disabled.
171013  8:28:37 InnoDB: The InnoDB memory heap is disabled
171013  8:28:37 InnoDB: Mutexes and rw_locks use GCC atomic builtins
171013  8:28:37 InnoDB: Compressed tables use zlib 1.2.8
171013  8:28:37 InnoDB: Using Linux native AIO
171013  8:28:37 InnoDB: Initializing buffer pool, size = 8.0M
171013  8:28:37 InnoDB: Completed initialization of buffer pool
171013  8:28:37 InnoDB: highest supported file format is Barracuda.
171013  8:28:37  InnoDB: Waiting for the background threads to start
171013  8:28:38 InnoDB: 5.5.55 started; log sequence number 1595675
171013  8:28:38 [Note] Server hostname (bind-address): '0.0.0.0'; port: 3306
171013  8:28:38 [Note]   - '0.0.0.0' resolves to '0.0.0.0';
171013  8:28:38 [Note] Server socket created on IP: '0.0.0.0'.
171013  8:28:38 [ERROR] /usr/sbin/mysqld: Table './mysql/user' is marked as crashed and should be repaired
171013  8:28:38 [Warning] Checking table:   './mysql/user'
171013  8:28:38 [ERROR] 1 client is using or hasn't closed the table properly
171013  8:28:38 [Note] Event Scheduler: Loaded 0 events
171013  8:28:38 [Note] /usr/sbin/mysqld: ready for connections.
Version: '5.5.55-0+deb8u1'  socket: '/var/run/mysqld/mysqld.sock'  port: 3306  (Debian)
171013  8:30:02 [Warning] Using unique option prefix myisam-recover instead of myisam-recover-options is deprecated and will be removed in a future release. Please use the full name instead.
171013  8:30:02 [Note] Plugin 'FEDERATED' is disabled.
171013  8:30:02 InnoDB: The InnoDB memory heap is disabled
171013  8:30:02 InnoDB: Mutexes and rw_locks use GCC atomic builtins
171013  8:30:02 InnoDB: Compressed tables use zlib 1.2.8
171013  8:30:02 InnoDB: Using Linux native AIO
171013  8:30:02 InnoDB: Initializing buffer pool, size = 8.0M
171013  8:30:02 InnoDB: Completed initialization of buffer pool
171013  8:30:02 InnoDB: highest supported file format is Barracuda.
InnoDB: The log sequence number in ibdata files does not match
InnoDB: the log sequence number in the ib_logfiles!
171013  8:30:02  InnoDB: Database was not shut down normally!
InnoDB: Starting crash recovery.
InnoDB: Reading tablespace information from the .ibd files...
InnoDB: Restoring possible half-written data pages from the doublewrite
InnoDB: buffer...
171013  8:30:02  InnoDB: Waiting for the background threads to start
171013  8:30:03 InnoDB: 5.5.55 started; log sequence number 2323718
171013  8:30:03 [Note] Server hostname (bind-address): '0.0.0.0'; port: 3306
171013  8:30:03 [Note]   - '0.0.0.0' resolves to '0.0.0.0';
171013  8:30:03 [Note] Server socket created on IP: '0.0.0.0'.
171013  8:30:03 [Note] Event Scheduler: Loaded 0 events
171013  8:30:03 [Note] /usr/sbin/mysqld: ready for connections.
Version: '5.5.55-0+deb8u1'  socket: '/var/run/mysqld/mysqld.sock'  port: 3306  (Debian)
171013  8:30:51 [Warning] IP address '192.168.75.1' could not be resolved: Name or service not known
171013  8:31:12 [Warning] Using unique option prefix myisam-recover instead of myisam-recover-options is deprecated and will be removed in a future release. Please use the full name instead.
171013  8:31:12 [Note] Plugin 'FEDERATED' is disabled.
171013  8:31:12 InnoDB: The InnoDB memory heap is disabled
171013  8:31:12 InnoDB: Mutexes and rw_locks use GCC atomic builtins
171013  8:31:12 InnoDB: Compressed tables use zlib 1.2.8
171013  8:31:12 InnoDB: Using Linux native AIO
171013  8:31:12 InnoDB: Initializing buffer pool, size = 8.0M
171013  8:31:12 InnoDB: Completed initialization of buffer pool
171013  8:31:12 InnoDB: highest supported file format is Barracuda.
InnoDB: The log sequence number in ibdata files does not match
InnoDB: the log sequence number in the ib_logfiles!
171013  8:31:12  InnoDB: Database was not shut down normally!
InnoDB: Starting crash recovery.
InnoDB: Reading tablespace information from the .ibd files...
InnoDB: Restoring possible half-written data pages from the doublewrite
InnoDB: buffer...
171013  8:31:12  InnoDB: Waiting for the background threads to start
171013  8:31:13 InnoDB: 5.5.55 started; log sequence number 2323982
171013  8:31:13 [Note] Server hostname (bind-address): '0.0.0.0'; port: 3306
171013  8:31:13 [Note]   - '0.0.0.0' resolves to '0.0.0.0';
171013  8:31:13 [Note] Server socket created on IP: '0.0.0.0'.
171013  8:31:13 [Note] Event Scheduler: Loaded 0 events
171013  8:31:13 [Note] /usr/sbin/mysqld: ready for connections.
Version: '5.5.55-0+deb8u1'  socket: '/var/run/mysqld/mysqld.sock'  port: 3306  (Debian)
171013 10:24:45 [Warning] Using unique option prefix myisam-recover instead of myisam-recover-options is deprecated and will be removed in a future release. Please use the full name instead.
171013 10:24:45 [Note] Plugin 'FEDERATED' is disabled.
171013 10:24:45 InnoDB: The InnoDB memory heap is disabled
171013 10:24:45 InnoDB: Mutexes and rw_locks use GCC atomic builtins
171013 10:24:45 InnoDB: Compressed tables use zlib 1.2.8
171013 10:24:45 InnoDB: Using Linux native AIO
171013 10:24:45 InnoDB: Initializing buffer pool, size = 8.0M
171013 10:24:45 InnoDB: Completed initialization of buffer pool
171013 10:24:45 InnoDB: highest supported file format is Barracuda.
InnoDB: The log sequence number in ibdata files does not match
InnoDB: the log sequence number in the ib_logfiles!
171013 10:24:45  InnoDB: Database was not shut down normally!
InnoDB: Starting crash recovery.
InnoDB: Reading tablespace information from the .ibd files...
InnoDB: Restoring possible half-written data pages from the doublewrite
InnoDB: buffer...
171013 10:24:45  InnoDB: Waiting for the background threads to start
171013 10:24:46 InnoDB: 5.5.55 started; log sequence number 2830621
171013 10:24:46 [Note] Server hostname (bind-address): '0.0.0.0'; port: 3306
171013 10:24:46 [Note]   - '0.0.0.0' resolves to '0.0.0.0';
171013 10:24:46 [Note] Server socket created on IP: '0.0.0.0'.
171013 10:24:46 [Note] Event Scheduler: Loaded 0 events
171013 10:24:46 [Note] /usr/sbin/mysqld: ready for connections.
Version: '5.5.55-0+deb8u1'  socket: '/var/run/mysqld/mysqld.sock'  port: 3306  (Debian)
171013 10:27:14 [Warning] Using unique option prefix myisam-recover instead of myisam-recover-options is deprecated and will be removed in a future release. Please use the full name instead.
171013 10:27:14 [Note] Plugin 'FEDERATED' is disabled.
171013 10:27:14 InnoDB: The InnoDB memory heap is disabled
171013 10:27:14 InnoDB: Mutexes and rw_locks use GCC atomic builtins
171013 10:27:14 InnoDB: Compressed tables use zlib 1.2.8
171013 10:27:14 InnoDB: Using Linux native AIO
171013 10:27:14 InnoDB: Initializing buffer pool, size = 8.0M
171013 10:27:14 InnoDB: Completed initialization of buffer pool
171013 10:27:14 InnoDB: highest supported file format is Barracuda.
InnoDB: The log sequence number in ibdata files does not match
InnoDB: the log sequence number in the ib_logfiles!
171013 10:27:14  InnoDB: Database was not shut down normally!
InnoDB: Starting crash recovery.
InnoDB: Reading tablespace information from the .ibd files...
InnoDB: Restoring possible half-written data pages from the doublewrite
InnoDB: buffer...
171013 10:27:14  InnoDB: Waiting for the background threads to start
171013 10:27:15 InnoDB: 5.5.55 started; log sequence number 2845624
171013 10:27:15 [Note] Server hostname (bind-address): '0.0.0.0'; port: 3306
171013 10:27:15 [Note]   - '0.0.0.0' resolves to '0.0.0.0';
171013 10:27:15 [Note] Server socket created on IP: '0.0.0.0'.
171013 10:27:15 [Note] Event Scheduler: Loaded 0 events
171013 10:27:15 [Note] /usr/sbin/mysqld: ready for connections.
Version: '5.5.55-0+deb8u1'  socket: '/var/run/mysqld/mysqld.sock'  port: 3306  (Debian)
171013 10:33:01 [Warning] IP address '192.168.75.1' could not be resolved: Name or service not known
